1.75
1.75
1.90
1.89
1.84
1.39
1.25
1.25
2.05
2.05
1.61
1.52
1.59
1.59
1.59
1.59
1.79
1.79
1.79
1.40
1.40
1.76
1.76
1.76
1.88
1.88
1.88
1.88
1.86
1.86
1.86
1.68
1.68
1.68
1.75
1.75
1.75
1.75
1.75
1.75
1.75
1.75
2.17
2.17
2.17
2.17
2.17
2.17
2.17
1.90
1.90
1.90
1.90
1.90
1.90
1.90
1.90
1.77
1.77
1.77
1.77
1.96
1.86
2.17
2.17
1.73
1.73
1.73
1.73
1.76
1.86
1.86
2.02
2.02
2.02
1.83
1.72
1.51
1.80
2.02
2.02
2.02
2.22
2.22
2.19
2.19
2.19
2.19
2.19
2.19
2.19
2.23
2.23
2.23
2.23
2.23
2.23
2.18
2.18
2.18
2.18
1.98
1.98
1.98
2.01
2.01
2.01
2.01
2.19
2.19
2.19
2.11
2.11
2.14
2.14
2.14
2.14
2.22
2.22
2.22
2.22
2.22
2.22
2.09
2.09
2.09
2.09
2.09
2.09
1.81
1.75
1.75
1.90
1.89
1.84
1.39
1.25
1.25
2.05
2.05
1.61
1.52
1.59
1.59
1.59
1.59
1.79
1.79
1.79
1.40
1.40
1.76
1.76
1.76
1.88
1.88
1.88
1.88
1.86
1.86
1.86
1.68
1.68
1.68
1.75
1.75
1.75
1.75
1.75
1.75
1.75
1.75
2.17
2.17
2.17
2.17
2.17
2.17
2.17
1.90
1.90
1.90
1.90
1.90
1.90
1.90
1.90
1.77
1.77
1.77
1.77
1.96
1.86
2.17
2.17
1.73
1.73
1.73
1.73
1.76
1.86
1.86
2.02
2.02
2.02
1.83
1.72
1.51
1.80
2.02
2.02
2.02
2.22
2.22
2.19
2.19
2.19
2.19
2.19
2.19
2.19
2.23
2.23
2.23
2.23
2.23
2.23
2.18
2.18
2.18
2.18
1.98
1.98
1.98
2.01
2.01
2.01
2.01
2.19
2.19
2.19
2.11
2.11
2.14
2.14
2.14
2.14
2.22
2.22
2.22
2.22
2.22
2.22
2.09
2.09
2.09
2.09
2.09
2.09
1.81
