1.98
1.98
1.98
2.06
2.06
1.45
1.45
1.88
1.72
1.72
1.98
1.79
1.79
1.79
1.79
2.03
2.03
2.03
2.03
2.03
2.03
2.03
2.03
2.03
2.03
2.03
2.03
2.03
2.22
2.22
2.22
2.22
2.22
2.22
2.22
2.22
2.22
1.88
1.88
1.88
1.88
1.88
1.88
1.88
1.88
1.88
1.88
2.11
2.11
2.11
2.11
2.11
2.11
2.11
2.11
2.11
2.11
2.11
2.11
2.11
2.11
2.11
2.11
2.11
2.11
1.88
2.11
2.11
2.14
2.14
2.14
2.14
2.14
2.14
1.71
1.71
1.71
1.81
1.81
2.10
2.10
2.18
2.18
2.18
2.18
2.18
2.18
2.18
2.18
1.96
1.96
2.05
2.05
2.11
2.11
2.02
2.02
2.02
2.02
2.03
2.03
2.03
1.81
1.81
1.81
1.81
1.92
1.92
1.92
1.92
1.92
1.92
1.92
1.92
1.92
1.92
1.92
1.92
1.92
1.92
1.92
1.92
