1.89
1.89
1.91
2.00
1.82
1.82
1.82
1.82
1.82
1.82
1.82
1.82
2.16
2.16
1.95
1.95
2.05
2.05
2.05
2.05
2.05
2.05
1.73
1.73
1.73
1.73
1.55
2.07
2.05
2.05
2.05
2.05
2.05
2.03
1.97
1.97
1.97
1.97
1.97
1.60
2.10
2.15
2.15
2.15
2.15
2.15
2.15
2.15
2.15
2.15
2.15
1.95
2.08
2.08
2.08
2.08
2.10
2.10
2.10
2.10
2.10
2.10
2.01
2.01
2.01
2.01
2.01
2.01
2.01
2.01
2.01
2.01
2.01
2.01
2.01
2.01
2.01
1.96
1.97
1.97
1.75
1.96
1.96
1.96
1.96
1.96
1.96
1.96
1.96
1.96
1.96
1.96
1.96
1.96
1.96
1.96
1.96
1.96
1.81
2.21
1.95
1.95
1.95
1.95
1.95
1.95
1.95
1.95
1.96
2.05
2.04
2.04
2.04
2.04
