2.00
2.00
1.70
1.70
1.70
1.70
1.70
2.07
2.07
2.07
2.07
1.63
1.63
1.63
1.63
1.63
1.63
1.63
1.63
2.08
2.08
2.08
2.08
2.08
2.08
2.08
2.08
2.08
1.84
1.84
1.84
2.09
2.09
2.09
2.09
2.09
2.09
2.09
2.09
2.09
1.99
1.99
1.99
1.99
1.99
1.99
1.99
1.86
1.86
1.90
1.90
2.11
2.11
2.01
2.01
1.77
1.77
1.81
1.81
1.81
1.98
1.98
1.92
1.92
1.92
1.69
1.69
1.69
1.69
1.69
1.69
1.69
1.69
1.69
1.95
1.95
2.16
2.16
2.16
1.95
1.95
1.95
1.95
1.69
1.69
2.14
2.14
2.14
2.10
2.10
2.10
2.10
1.72
1.72
1.72
1.72
1.97
1.97
1.97
1.97
1.97
1.97
1.97
1.89
1.89
1.89
1.94
1.94
1.77
1.77
1.77
1.77
1.77
1.77
1.77
1.77
1.77
1.77
2.26
2.26
2.26
2.26
2.26
2.26
2.26
2.26
2.26
2.11
2.11
2.11
2.11
2.11
2.11
2.11
2.11
2.11
2.11
2.11
2.11
2.11
2.11
2.11
1.71
1.71
1.71
1.71
2.00
2.00
2.00
2.00
2.00
2.00
2.00
2.00
2.00
2.00
2.07
2.07
2.07
2.07
2.07
2.07
2.07
2.07
2.07
2.07
2.07
2.07
2.07
2.07
2.07
2.02
2.10
2.10
2.10
2.10
2.10
2.10
2.10
2.10
2.10
2.10
2.10
2.10
2.10
2.10
1.70
1.70
1.70
1.70
1.70
2.03
2.03
2.03
2.03
1.84
1.84
1.84
1.84
1.84
1.84
1.84
1.84
2.26
2.26
2.26
2.26
2.26
2.26
2.26
2.26
2.26
2.26
2.26
2.26
2.26
2.26
2.26
2.26
2.26
